{"message":"Title and Content are required.","level":"error"}
{"message":"Title and Content are required.","level":"error"}
{"message":"Title and Content are required.","level":"error"}
{"message":"Title and Content are required.","level":"error"}
{"message":"Title and Content are required.","level":"error"}
{"message":"Title and Content are required.","level":"error"}
{"message":"Title and Content are required.","level":"error"}
{"message":"Title and Content are required.","level":"error"}
{"message":"Title and Content are required.","level":"error"}
{"message":"Title and Content are required.","level":"error"}
{"message":"Title and Content are required.","level":"error"}
{"message":"Title and Content are required.","level":"error"}
{"message":"Title and Content are required.","level":"error"}
{"message":"Title and Content are required.","level":"error"}
{"message":"Title and Content are required.","level":"error"}
{"message":"Title and Content are required.","level":"error"}
{"message":"Title and Content are required.","level":"error"}
{"message":"Title and Content are required.","level":"error"}
{"message":"Title and Content are required.","level":"error"}
{"message":"Title and Content are required.","level":"error"}
{"message":"Title and Content are required.","level":"error"}
{"message":"Title and Content are required.","level":"error"}
{"message":"Title and Content are required.","level":"error"}
{"message":"Title and Content are required.","level":"error"}
{"message":"Title and Content are required.","level":"error"}
{"message":"Note with id 123456 not found.","level":"error"}
{"message":"Note with id 123456 not found.","level":"error"}
{"message":"Note with id 123456 not found.","level":"error"}
{"message":"Note with id 123456 not found.","level":"error"}
{"message":"Note with id 2 deleted.","level":"info"}
{"message":"Note with id 123456 not found.","level":"error"}
{"message":"Note with id 123456 not found.","level":"error"}
{"message":"Note with id 123456 not found.","level":"error"}
{"message":"Note with id 123456 not found.","level":"error"}
{"message":"Note with id 123456 not found.","level":"error"}
{"message":"Note with id 123456 not found.","level":"error"}
{"message":"Title and Content are required.","level":"error"}
{"message":"Title and Content are required.","level":"error"}
{"message":"Note with id 123456 not found.","level":"error"}
{"message":"Note with id 2 deleted.","level":"info"}
{"message":"Note with id 123456 not found.","level":"error"}
{"message":"Title and Content are required.","level":"error"}
{"message":"Title and Content are required.","level":"error"}
{"message":"Title and Content are required.","level":"error"}
{"message":"Title and Content are required.","level":"error"}
{"message":"Title and Content are required.","level":"error"}
{"message":"Title and Content are required.","level":"error"}
{"message":"Title and Content are required.","level":"error"}
{"message":"Title and Content are required.","level":"error"}
{"message":"Title and Content are required.","level":"error"}
{"message":"Title and Content are required.","level":"error"}
{"message":"Title and Content are required.","level":"error"}
{"message":"Title and Content are required.","level":"error"}
{"message":"Folder with id 123456 not found.","level":"error"}
{"message":"Folder with id 2 not found.","level":"error"}
{"message":"Folder with id 123456 not found.","level":"error"}
{"message":"Name is required.","level":"error"}
{"message":"Folder with id 2 not found.","level":"error"}
{"message":"Folder with id 1 deleted.","level":"info"}
{"message":"Folder with id 1 deleted.","level":"info"}
{"message":"Folder with id 1 deleted.","level":"info"}
{"message":"Folder with id 1 deleted.","level":"info"}
{"message":"Folder with id 1 deleted.","level":"info"}
{"message":"Folder with id 1 deleted.","level":"info"}
{"message":"Folder with id 1 deleted.","level":"info"}
{"message":"Folder with id 1 deleted.","level":"info"}
{"message":"Folder with id 1 deleted.","level":"info"}
{"message":"Folder with id 1 deleted.","level":"info"}
{"message":"Folder with id 1 deleted.","level":"info"}
{"message":"Folder with id 1 deleted.","level":"info"}
{"message":"Folder with id 1 deleted.","level":"info"}
{"message":"Folder with id 1 deleted.","level":"info"}
{"message":"Folder with id 123456 not found.","level":"error"}
{"message":"Folder with id 2 not found.","level":"error"}
{"message":"Folder with id 2 not found.","level":"error"}
{"message":"Folder with id 123456 not found.","level":"error"}
{"message":"Folder with id 123456 not found.","level":"error"}
{"message":"Folder with id 123456 not found.","level":"error"}
{"message":"Name is required.","level":"error"}
{"message":"Folder with id 1 deleted.","level":"info"}
{"message":"Folder with id 123456 not found.","level":"error"}
{"message":"Note with id 123456 not found.","level":"error"}
{"message":"Title and Content are required.","level":"error"}
{"message":"Title and Content are required.","level":"error"}
{"message":"Note with id 123456 not found.","level":"error"}
{"message":"Note with id 2 deleted.","level":"info"}
{"message":"Note with id 123456 not found.","level":"error"}
{"message":"Title and Content are required.","level":"error"}
{"message":"Title and Content are required.","level":"error"}
{"message":"Title and Content are required.","level":"error"}
{"message":"Title and Content are required.","level":"error"}
{"message":"Title and Content are required.","level":"error"}
{"message":"Title and Content are required.","level":"error"}
{"message":"Title and Content are required.","level":"error"}
{"message":"Title and Content are required.","level":"error"}
{"message":"Title and Content are required.","level":"error"}
{"message":"Title and Content are required.","level":"error"}
{"message":"Title and Content are required.","level":"error"}
{"message":"Title and Content are required.","level":"error"}
{"message":"Title and Content are required.","level":"error"}
{"message":"Title and Content are required.","level":"error"}
{"message":"Title and Content are required.","level":"error"}
{"message":"Title and Content are required.","level":"error"}
{"message":"Title and Content are required.","level":"error"}
{"message":"Title and Content are required.","level":"error"}
{"message":"Title and Content are required.","level":"error"}
{"message":"Title and Content are required.","level":"error"}
{"message":"Title and Content are required.","level":"error"}
{"message":"Title and Content are required.","level":"error"}
{"message":"Title and Content are required.","level":"error"}
{"message":"Title and Content are required.","level":"error"}
{"message":"Title and Content are required.","level":"error"}
{"message":"Title and Content are required.","level":"error"}
{"message":"Title and Content are required.","level":"error"}
{"message":"Title and Content are required.","level":"error"}
{"message":"Title and Content are required.","level":"error"}
{"message":"Title and Content are required.","level":"error"}
{"message":"Title and Content are required.","level":"error"}
{"message":"Title and Content are required.","level":"error"}
{"message":"Title and Content are required.","level":"error"}
{"message":"Title and Content are required.","level":"error"}
{"message":"Title and Content are required.","level":"error"}
{"message":"Title and Content are required.","level":"error"}
{"message":"Title and Content are required.","level":"error"}
{"message":"Title and Content are required.","level":"error"}
{"message":"Title and Content are required.","level":"error"}
{"message":"Title and Content are required.","level":"error"}
{"message":"Title and Content are required.","level":"error"}
{"message":"Title and Content are required.","level":"error"}
{"message":"Title and Content are required.","level":"error"}
{"message":"Title and Content are required.","level":"error"}
{"message":"Title and Content are required.","level":"error"}
{"message":"Title and Content are required.","level":"error"}
{"message":"Title and Content are required.","level":"error"}
{"message":"Title and Content are required.","level":"error"}
{"message":"Title and Content are required.","level":"error"}
{"message":"Title and Content are required.","level":"error"}
{"message":"Title and Content are required.","level":"error"}
{"message":"Title and Content are required.","level":"error"}
{"message":"Title and Content are required.","level":"error"}
{"message":"Title and Content are required.","level":"error"}
{"message":"Title and Content are required.","level":"error"}
{"message":"Title and Content are required.","level":"error"}
{"message":"Title and Content are required.","level":"error"}
{"message":"Title and Content are required.","level":"error"}
{"message":"Title and Content are required.","level":"error"}
{"message":"Title and Content are required.","level":"error"}
{"message":"Title and Content are required.","level":"error"}
{"message":"Title and Content are required.","level":"error"}
{"message":"Title and Content are required.","level":"error"}
{"message":"Title and Content are required.","level":"error"}
{"message":"Title and Content are required.","level":"error"}
{"message":"Title and Content are required.","level":"error"}
{"message":"Title and Content are required.","level":"error"}
{"message":"Title and Content are required.","level":"error"}
{"message":"Title and Content are required.","level":"error"}
{"message":"Title and Content are required.","level":"error"}
{"message":"Title and Content are required.","level":"error"}
{"message":"Title and Content are required.","level":"error"}
{"message":"Title and Content are required.","level":"error"}
{"message":"Title and Content are required.","level":"error"}
{"message":"Title and Content are required.","level":"error"}
{"message":"Title and Content are required.","level":"error"}
{"message":"Title and Content are required.","level":"error"}
{"message":"Title and Content are required.","level":"error"}
{"message":"Title and Content are required.","level":"error"}
{"message":"Title and Content are required.","level":"error"}
{"message":"Title and Content are required.","level":"error"}
{"message":"Title and Content are required.","level":"error"}
{"message":"Title and Content are required.","level":"error"}
{"message":"Title and Content are required.","level":"error"}
{"message":"Title and Content are required.","level":"error"}
{"message":"Title and Content are required.","level":"error"}
{"message":"Title and Content are required.","level":"error"}
{"message":"Title and Content are required.","level":"error"}
{"message":"Title and Content are required.","level":"error"}
{"message":"Title and Content are required.","level":"error"}
{"message":"Title and Content are required.","level":"error"}
{"message":"Title and Content are required.","level":"error"}
{"message":"Title and Content are required.","level":"error"}
{"message":"Title and Content are required.","level":"error"}
{"message":"Title and Content are required.","level":"error"}
{"message":"Title and Content are required.","level":"error"}
{"message":"Title and Content are required.","level":"error"}
{"message":"Title and Content are required.","level":"error"}
{"message":"Folder with id 123456 not found.","level":"error"}
{"message":"Name is required.","level":"error"}
{"message":"Folder with id 1 deleted.","level":"info"}
{"message":"Folder with id 123456 not found.","level":"error"}
{"message":"Note with id 123456 not found.","level":"error"}
{"message":"Title and Content are required.","level":"error"}
{"message":"Title and Content are required.","level":"error"}
{"message":"Note with id 123456 not found.","level":"error"}
{"message":"Note with id 2 deleted.","level":"info"}
{"message":"Note with id 123456 not found.","level":"error"}
